<component name="libraryTable">
  <library name="JUnit">
    <CLASSES>
      <root url="jar://$PROJECT_DIR$/lib/junit.jar!/" />
      <root url="jar://$PROJECT_DIR$/lib/hamcrest-core.jar!/" />
    </CLASSES>
    <JAVADOC />
    <SOURCES />
  </library>
</component>